<?xml version="1.0" encoding="UTF-8"?>
<Site BuildName="Win32-MSBuild"
	BuildStamp="20240509-1431-Experimental"
	Name="DESKTOP-8EGF0A4"
	Generator="ctest-3.29.2"
	CompilerName="C:/Program Files/Microsoft Visual Studio/2022/Community/VC/Tools/MSVC/14.39.33519/bin/Hostx86/x64/cl.exe"
	CompilerVersion="19.39.33523.0"
	OSName="Windows"
	Hostname="DESKTOP-8EGF0A4"
	OSRelease=" Professional"
	OSVersion=" (Build 19045)"
	OSPlatform="AMD64"
	Is64Bits="1"
	VendorString="GenuineIntel"
	VendorID="Intel Corporation"
	FamilyID="6"
	ModelID="14"
	ProcessorCacheSize="-1"
	NumberOfLogicalCPU="4"
	NumberOfPhysicalCPU="4"
	TotalVirtualMemory="20700"
	TotalPhysicalMemory="16348"
	LogicalProcessorsPerPhysical="1"
	ProcessorClockFrequency="3792"
	>
	<Testing>
		<StartDateTime>May 09 10:36 Eastern Daylight Time</StartDateTime>
		<StartTestTime>1715265407</StartTestTime>
		<TestList/>
		<EndDateTime>May 09 10:36 Eastern Daylight Time</EndDateTime>
		<EndTestTime>1715265407</EndTestTime>
		<ElapsedMinutes>0</ElapsedMinutes>
	</Testing>
</Site>
